<?xml version="1.0" encoding="UTF-8"?>
<!-- Generated by org.testng.reporters.JUnitXMLReporter -->
<testsuite ignored="0" hostname="vishal" failures="0" tests="5" name="windows-chrome" time="27.719" errors="0" timestamp="2025-07-09T13:00:41 IST">
  <testcase classname="testcases.TC1_Registration" name="testUserRegistration" time="4.753"/>
  <testcase classname="testcases.TC2_Login" name="testLoginWithValidCredentials" time="3.549"/>
  <testcase classname="testcases.TC3_Logout" name="testLogout" time="4.878"/>
  <testcase classname="testcases.TC4_SeachProduct" name="testProductSearch" time="3.354"/>
  <testcase classname="testcases.TC5_AddToCart" name="testAddToCart" time="4.967"/>
</testsuite> <!-- windows-chrome -->
