<?xml version="1.0" encoding="UTF-8"?>
<testng-results ignored="0" total="5" passed="5" failed="0" skipped="0">
  <reporter-output>
  </reporter-output>
  <suite started-at="2025-07-09T13:00:13 IST" name="TestSuite" finished-at="2025-07-09T13:00:41 IST" duration-ms="27719">
    <groups>
      <group name="Master">
        <method signature="TC1_Registration.testUserRegistration()[pri:0, instance:testcases.TC1_Registration@1c6804cd]" name="testUserRegistration" class="testcases.TC1_Registration"/>
        <method signature="TC2_Login.testLoginWithValidCredentials()[pri:0, instance:testcases.TC2_Login@20a14b55]" name="testLoginWithValidCredentials" class="testcases.TC2_Login"/>
        <method signature="TC3_Logout.testLogout()[pri:0, instance:testcases.TC3_Logout@39ad977d]" name="testLogout" class="testcases.TC3_Logout"/>
        <method signature="TC4_SeachProduct.testProductSearch()[pri:0, instance:testcases.TC4_SeachProduct@6da00fb9]" name="testProductSearch" class="testcases.TC4_SeachProduct"/>
        <method signature="TC5_AddToCart.testAddToCart()[pri:0, instance:testcases.TC5_AddToCart@a202ccb]" name="testAddToCart" class="testcases.TC5_AddToCart"/>
      </group> <!-- Master -->
      <group name="Sanity">
        <method signature="TC2_Login.testLoginWithValidCredentials()[pri:0, instance:testcases.TC2_Login@20a14b55]" name="testLoginWithValidCredentials" class="testcases.TC2_Login"/>
        <method signature="TC3_Logout.testLogout()[pri:0, instance:testcases.TC3_Logout@39ad977d]" name="testLogout" class="testcases.TC3_Logout"/>
      </group> <!-- Sanity -->
      <group name="Regression">
        <method signature="TC1_Registration.testUserRegistration()[pri:0, instance:testcases.TC1_Registration@1c6804cd]" name="testUserRegistration" class="testcases.TC1_Registration"/>
      </group> <!-- Regression -->
    </groups>
    <test started-at="2025-07-09T13:00:13 IST" name="windows-chrome" finished-at="2025-07-09T13:00:41 IST" duration-ms="27719">
      <class name="testcases.TC5_AddToCart">
        <test-method is-config="true" signature="setUp(java.lang.String,java.lang.String)[pri:0, instance:testcases.TC5_AddToCart@a202ccb]" started-at="2025-07-09T13:00:35 IST" name="setUp" finished-at="2025-07-09T13:00:36 IST" duration-ms="953" status="PASS">
          <params>
            <param index="0">
              <value>
                <![CDATA[windows]]>
              </value>
            </param>
            <param index="1">
              <value>
                <![CDATA[chrome]]>
              </value>
            </param>
          </params>
          <reporter-output>
          </reporter-output>
        </test-method> <!-- setUp -->
        <test-method signature="testAddToCart()[pri:0, instance:testcases.TC5_AddToCart@a202ccb]" started-at="2025-07-09T13:00:36 IST" name="testAddToCart" finished-at="2025-07-09T13:00:41 IST" duration-ms="4967" status="PASS">
          <reporter-output>
          </reporter-output>
        </test-method> <!-- testAddToCart -->
        <test-method is-config="true" signature="tearDown()[pri:0, instance:testcases.TC5_AddToCart@a202ccb]" started-at="2025-07-09T13:00:41 IST" name="tearDown" finished-at="2025-07-09T13:00:41 IST" duration-ms="141" status="PASS">
          <reporter-output>
          </reporter-output>
        </test-method> <!-- tearDown -->
      </class> <!-- testcases.TC5_AddToCart -->
      <class name="testcases.TC1_Registration">
        <test-method is-config="true" signature="setUp(java.lang.String,java.lang.String)[pri:0, instance:testcases.TC1_Registration@1c6804cd]" started-at="2025-07-09T13:00:13 IST" name="setUp" finished-at="2025-07-09T13:00:15 IST" duration-ms="1441" status="PASS">
          <params>
            <param index="0">
              <value>
                <![CDATA[windows]]>
              </value>
            </param>
            <param index="1">
              <value>
                <![CDATA[chrome]]>
              </value>
            </param>
          </params>
          <reporter-output>
          </reporter-output>
        </test-method> <!-- setUp -->
        <test-method signature="testUserRegistration()[pri:0, instance:testcases.TC1_Registration@1c6804cd]" started-at="2025-07-09T13:00:15 IST" name="testUserRegistration" finished-at="2025-07-09T13:00:19 IST" duration-ms="4753" status="PASS">
          <reporter-output>
          </reporter-output>
        </test-method> <!-- testUserRegistration -->
        <test-method is-config="true" signature="tearDown()[pri:0, instance:testcases.TC1_Registration@1c6804cd]" started-at="2025-07-09T13:00:19 IST" name="tearDown" finished-at="2025-07-09T13:00:20 IST" duration-ms="150" status="PASS">
          <reporter-output>
          </reporter-output>
        </test-method> <!-- tearDown -->
      </class> <!-- testcases.TC1_Registration -->
      <class name="testcases.TC2_Login">
        <test-method is-config="true" signature="setUp(java.lang.String,java.lang.String)[pri:0, instance:testcases.TC2_Login@20a14b55]" started-at="2025-07-09T13:00:20 IST" name="setUp" finished-at="2025-07-09T13:00:21 IST" duration-ms="989" status="PASS">
          <params>
            <param index="0">
              <value>
                <![CDATA[windows]]>
              </value>
            </param>
            <param index="1">
              <value>
                <![CDATA[chrome]]>
              </value>
            </param>
          </params>
          <reporter-output>
          </reporter-output>
        </test-method> <!-- setUp -->
        <test-method signature="testLoginWithValidCredentials()[pri:0, instance:testcases.TC2_Login@20a14b55]" started-at="2025-07-09T13:00:21 IST" name="testLoginWithValidCredentials" finished-at="2025-07-09T13:00:24 IST" duration-ms="3549" status="PASS">
          <reporter-output>
          </reporter-output>
        </test-method> <!-- testLoginWithValidCredentials -->
        <test-method is-config="true" signature="tearDown()[pri:0, instance:testcases.TC2_Login@20a14b55]" started-at="2025-07-09T13:00:24 IST" name="tearDown" finished-at="2025-07-09T13:00:24 IST" duration-ms="130" status="PASS">
          <reporter-output>
          </reporter-output>
        </test-method> <!-- tearDown -->
      </class> <!-- testcases.TC2_Login -->
      <class name="testcases.TC3_Logout">
        <test-method is-config="true" signature="setUp(java.lang.String,java.lang.String)[pri:0, instance:testcases.TC3_Logout@39ad977d]" started-at="2025-07-09T13:00:24 IST" name="setUp" finished-at="2025-07-09T13:00:25 IST" duration-ms="974" status="PASS">
          <params>
            <param index="0">
              <value>
                <![CDATA[windows]]>
              </value>
            </param>
            <param index="1">
              <value>
                <![CDATA[chrome]]>
              </value>
            </param>
          </params>
          <reporter-output>
          </reporter-output>
        </test-method> <!-- setUp -->
        <test-method signature="testLogout()[pri:0, instance:testcases.TC3_Logout@39ad977d]" started-at="2025-07-09T13:00:25 IST" name="testLogout" finished-at="2025-07-09T13:00:30 IST" duration-ms="4878" status="PASS">
          <reporter-output>
          </reporter-output>
        </test-method> <!-- testLogout -->
        <test-method is-config="true" signature="tearDown()[pri:0, instance:testcases.TC3_Logout@39ad977d]" started-at="2025-07-09T13:00:30 IST" name="tearDown" finished-at="2025-07-09T13:00:30 IST" duration-ms="122" status="PASS">
          <reporter-output>
          </reporter-output>
        </test-method> <!-- tearDown -->
      </class> <!-- testcases.TC3_Logout -->
      <class name="testcases.TC4_SeachProduct">
        <test-method is-config="true" signature="setUp(java.lang.String,java.lang.String)[pri:0, instance:testcases.TC4_SeachProduct@6da00fb9]" started-at="2025-07-09T13:00:30 IST" name="setUp" finished-at="2025-07-09T13:00:31 IST" duration-ms="964" status="PASS">
          <params>
            <param index="0">
              <value>
                <![CDATA[windows]]>
              </value>
            </param>
            <param index="1">
              <value>
                <![CDATA[chrome]]>
              </value>
            </param>
          </params>
          <reporter-output>
          </reporter-output>
        </test-method> <!-- setUp -->
        <test-method signature="testProductSearch()[pri:0, instance:testcases.TC4_SeachProduct@6da00fb9]" started-at="2025-07-09T13:00:31 IST" name="testProductSearch" finished-at="2025-07-09T13:00:35 IST" duration-ms="3354" status="PASS">
          <reporter-output>
          </reporter-output>
        </test-method> <!-- testProductSearch -->
        <test-method is-config="true" signature="tearDown()[pri:0, instance:testcases.TC4_SeachProduct@6da00fb9]" started-at="2025-07-09T13:00:35 IST" name="tearDown" finished-at="2025-07-09T13:00:35 IST" duration-ms="126" status="PASS">
          <reporter-output>
          </reporter-output>
        </test-method> <!-- tearDown -->
      </class> <!-- testcases.TC4_SeachProduct -->
    </test> <!-- windows-chrome -->
  </suite> <!-- TestSuite -->
</testng-results>
