<?xml version="1.0" encoding="UTF-8"?>
<!-- Generated by org.testng.reporters.JUnitXMLReporter -->
<testsuite ignored="0" hostname="Pavan-Lenova" failures="0" tests="5" name="windows-chrome" time="30.33" errors="0" timestamp="2024-11-19T21:44:29 IST">
  <testcase classname="testcases.TC1_Registration" name="testUserRegistration" time="5.017"/>
  <testcase classname="testcases.TC2_Login" name="testLoginWithValidCredentials" time="3.779"/>
  <testcase classname="testcases.TC3_Logout" name="testLogout" time="5.016"/>
  <testcase classname="testcases.TC4_SeachProduct" name="testProductSearch" time="2.529"/>
  <testcase classname="testcases.TC5_AddToCart" name="testAddToCart" time="3.816"/>
</testsuite> <!-- windows-chrome -->
